[20:51:16] [1/INFO] [tML]: Starting tModLoader v0.11.8.9 Windows client (30/11/2022)
[20:51:16] [1/INFO] [tML]: Running on NetFramework 4.8
[20:51:16] [1/INFO] [tML]: Executable: C:\Steam\steamapps\common\tModLoader\tModLoader.exe
[20:51:16] [1/INFO] [tML]: Working Directory: C:\Steam\steamapps\common\tModLoader
[20:51:16] [1/INFO] [tML]: Launch Parameters: 
[20:51:16] [1/DEBUG] [tML]: Assembly Resolve:  -> MonoMod.RuntimeDetour, Version=20.11.16.1, Culture=neutral, PublicKeyToken=null
[20:51:16] [1/DEBUG] [tML]: Assembly Resolve: MonoMod.RuntimeDetour, Version=20.11.16.1, Culture=neutral, PublicKeyToken=null -> MonoMod.Utils, Version=20.11.16.1, Culture=neutral, PublicKeyToken=null
[20:51:16] [1/DEBUG] [tML]: Assembly Resolve: MonoMod.RuntimeDetour, Version=20.11.16.1, Culture=neutral, PublicKeyToken=null -> Mono.Cecil, Version=0.11.3.0, Culture=neutral, PublicKeyToken=50cebf1cceb9d05e
[20:51:16] [1/DEBUG] [tML]: Assembly Resolve:  -> Ionic.Zip.Reduced, Version=1.9.1.8, Culture=neutral, PublicKeyToken=edbe51ad942a3f5c
[20:51:17] [1/DEBUG] [tML]: Assembly Resolve:  -> Newtonsoft.Json, Version=10.0.0.0, Culture=neutral, PublicKeyToken=30ad4fe6b2a6aeed
[20:51:17] [1/DEBUG] [tML]: Assembly Resolve:  -> Steamworks.NET, Version=9.1.0.0, Culture=neutral, PublicKeyToken=null
[20:51:17] [1/INFO] [tML]: Checking Steam installation...
[20:51:17] [1/INFO] [tML]: Steam installation OK.
[20:51:17] [1/INFO] [Terraria]: Found Terraria steamapp install at: C:\Steam\steamapps\common\Terraria
[20:51:17] [1/INFO] [Terraria]: Steam Cloud Quota: 152.6 MB available
[20:51:19] [1/DEBUG] [Terraria]: Graphics Device: Intel(R) Iris(R) Plus Graphics {Width:1920 Height:1080 Format:Color AspectRatio:1.777778}
[20:51:19] [1/DEBUG] [Terraria]: Device Reset, Profile: Reach -> HiDef, Width: 800, Height: 480, Fullscreen: False, Display: \\.\DISPLAY1
[20:51:21] [1/INFO] [Terraria]: Loaded 1000 vanilla assets
[20:51:22] [1/INFO] [Terraria]: Loaded 2000 vanilla assets
[20:51:22] [1/INFO] [Terraria]: Loaded 3000 vanilla assets
[20:51:22] [1/INFO] [Terraria]: Loaded 4000 vanilla assets
[20:51:22] [1/INFO] [Terraria]: Loaded 5000 vanilla assets
[20:51:24] [1/DEBUG] [Terraria]: Device Reset, Profile: HiDef, Width: 800 -> 1280, Height: 480 -> 649, Fullscreen: False, Display: \\.\DISPLAY1
[20:51:25] [8/DEBUG] [tML]: Assembly Resolve:  -> MP3Sharp, Version=1.0.0.0, Culture=neutral, PublicKeyToken=null
[20:51:25] [8/DEBUG] [tML]: Assembly Resolve:  -> NVorbis, Version=0.8.4.0, Culture=neutral, PublicKeyToken=null
[20:51:25] [12/DEBUG] [tML]: Assembly Resolve:  -> Mono.Cecil.Mdb, Version=0.11.3.0, Culture=neutral, PublicKeyToken=50cebf1cceb9d05e
[20:51:25] [12/DEBUG] [tML]: Assembly Resolve:  -> Mono.Cecil.Pdb, Version=0.11.3.0, Culture=neutral, PublicKeyToken=50cebf1cceb9d05e
[20:51:26] [7/INFO] [Terraria]: JIT loading finished
[20:51:28] [13/INFO] [tML]: Unloading mods
[20:51:28] [13/INFO] [tML]: Finding Mods...
[20:51:29] [13/INFO] [tML]: Sandboxing: BossChecklist
[20:51:29] [13/INFO] [tML]: Sandboxing: CalamityMod
[20:51:30] [13/INFO] [tML]: Sandboxing: CalamityModMusic
[20:51:30] [13/INFO] [tML]: Sandboxing: CalValEX
[20:51:30] [13/INFO] [tML]: Sandboxing: OmniSwing
[20:51:30] [13/INFO] [tML]: Sandboxing: RecipeBrowser
[20:51:30] [13/INFO] [tML]: Instantiating Mods...
[20:51:31] [13/DEBUG] [tML]: Assembly Resolve: CalValEX_0, Version=0.0.0.0, Culture=neutral, PublicKeyToken=null -> CalamityMod_0, Version=0.0.0.0, Culture=neutral, PublicKeyToken=null
[20:51:31] [13/INFO] [tML]: Initializing: ModLoader (tModLoader) v0.11.8.9
[20:51:33] [13/INFO] [tML]: Initializing: BossChecklist (Boss Checklist) v1.1.6.1
[20:51:33] [13/DEBUG] [tML]: Assembly Resolve: BossChecklist_0, Version=1.0.0.0, Culture=neutral, PublicKeyToken=null -> TerrariaHooks, Version=0.0.0.0, Culture=neutral, PublicKeyToken=null
[20:51:33] [13/DEBUG] [tML]: Assembly Resolve: TerrariaHooks, Version=0.0.0.0, Culture=neutral, PublicKeyToken=null -> MonoMod.RuntimeDetour, Version=19.12.19.1, Culture=neutral, PublicKeyToken=null
[20:51:33] [13/WARN] [tML]: Upgraded Reference MonoMod.RuntimeDetour -> Version=19.12.19.1 -> 20.11.16.1
[20:51:33] [13/DEBUG] [tML]: Hook On.Terraria.GameContent.Events.DD2Event::WinInvasionInternal() added by BossChecklist_0
[20:51:33] [13/INFO] [BossChecklist]: Boss Log integration messages will not be logged.
[20:51:33] [13/INFO] [tML]: Initializing: CalamityMod (Calamity Mod (No Calamity Music)) v1.5.1.6
[20:51:41] [13/DEBUG] [tML]: Assembly Resolve: TerrariaHooks, Version=0.0.0.0, Culture=neutral, PublicKeyToken=null -> MonoMod.Utils, Version=19.12.19.1, Culture=neutral, PublicKeyToken=null
[20:51:41] [13/WARN] [tML]: Upgraded Reference MonoMod.Utils -> Version=19.12.19.1 -> 20.11.16.1
[20:51:41] [13/DEBUG] [tML]: Hook On.Terraria.NPC::ApplyTileCollision(bool, Vector2, int, int) added by CalamityMod_0
[20:51:41] [13/DEBUG] [tML]: Hook IL.Terraria.Main::UpdateTime() modified by CalamityMod_0
[20:51:41] [13/DEBUG] [tML]: Hook On.Terraria.Main::UpdateTime_SpawnTownNPCs() added by CalamityMod_0
[20:51:41] [13/DEBUG] [tML]: Hook IL.Terraria.Player::Hurt(PlayerDeathReason, int, int, bool, bool, bool, int) modified by CalamityMod_0
[20:51:42] [13/DEBUG] [tML]: Hook IL.Terraria.Player::DashMovement() modified by CalamityMod_0
[20:51:42] [13/DEBUG] [tML]: Hook IL.Terraria.Player::Update_NPCCollision() modified by CalamityMod_0
[20:51:42] [13/DEBUG] [tML]: Hook On.Terraria.WorldGen::OpenDoor(int, int, int) added by CalamityMod_0
[20:51:42] [13/DEBUG] [tML]: Hook On.Terraria.WorldGen::CloseDoor(int, int, bool) added by CalamityMod_0
[20:51:42] [13/DEBUG] [tML]: Hook On.Terraria.Wiring::Teleport() added by CalamityMod_0
[20:51:42] [13/DEBUG] [tML]: Hook IL.Terraria.Main::DrawInterface_40_InteractItemIcon() modified by CalamityMod_0
[20:51:42] [13/DEBUG] [tML]: Hook On.Terraria.Item::AffixName() added by CalamityMod_0
[20:51:42] [13/DEBUG] [tML]: Hook On.Terraria.Projectile::NewProjectile(float, float, float, float, int, int, float, int, float, float) added by CalamityMod_0
[20:51:42] [13/DEBUG] [tML]: Hook On.Terraria.Main::DrawCursor(Vector2, bool) added by CalamityMod_0
[20:51:42] [13/DEBUG] [tML]: Hook IL.Terraria.Player::QuickHeal() modified by CalamityMod_0
[20:51:42] [13/DEBUG] [tML]: Hook IL.Terraria.Player::QuickMana() modified by CalamityMod_0
[20:51:42] [13/DEBUG] [tML]: Hook IL.Terraria.Player::ItemCheck(int) modified by CalamityMod_0
[20:51:43] [13/DEBUG] [tML]: Hook IL.Terraria.Player::AddBuff(int, int, bool) modified by CalamityMod_0
[20:51:43] [13/DEBUG] [tML]: Hook On.Terraria.Main::DrawInterface(GameTime) added by CalamityMod_0
[20:51:43] [13/DEBUG] [tML]: Hook On.Terraria.Main::SortDrawCacheWorms() added by CalamityMod_0
[20:51:43] [13/DEBUG] [tML]: Hook On.Terraria.Main::SetDisplayMode(int, int, bool) added by CalamityMod_0
[20:51:43] [13/DEBUG] [tML]: Hook IL.Terraria.Main::DrawTiles(bool, int) modified by CalamityMod_0
[20:51:44] [13/DEBUG] [tML]: Hook IL.Terraria.GameContent.Liquid.LiquidRenderer::InternalDraw(SpriteBatch, Vector2, int, float, bool) modified by CalamityMod_0
[20:51:44] [13/DEBUG] [tML]: Hook IL.Terraria.Main::oldDrawWater(bool, int, float) modified by CalamityMod_0
[20:51:44] [13/DEBUG] [tML]: Hook IL.Terraria.WaterfallManager::DrawWaterfall(SpriteBatch, int, float) modified by CalamityMod_0
[20:51:44] [13/DEBUG] [tML]: Hook On.Terraria.NPC::Collision_DecideFallThroughPlatforms() added by CalamityMod_0
[20:51:44] [13/DEBUG] [tML]: Hook IL.Terraria.Wiring::HitWireSingle(int, int) modified by CalamityMod_0
[20:51:44] [13/DEBUG] [tML]: Hook IL.Terraria.Main::DamageVar(float) modified by CalamityMod_0
[20:51:44] [13/DEBUG] [tML]: Hook IL.Terraria.NPC::scaleStats() modified by CalamityMod_0
[20:51:44] [13/DEBUG] [tML]: Hook IL.Terraria.Projectile::AI_001() modified by CalamityMod_0
[20:51:45] [13/DEBUG] [tML]: Hook IL.Terraria.Player::UpdateJumpHeight() modified by CalamityMod_0
[20:51:45] [13/DEBUG] [tML]: Hook IL.Terraria.Player::Update(int) modified by CalamityMod_0
[20:51:46] [13/DEBUG] [tML]: Hook IL.Terraria.Player::Update(int) modified by CalamityMod_0
[20:51:46] [13/DEBUG] [tML]: Hook IL.Terraria.Player::Update(int) modified by CalamityMod_0
[20:51:46] [13/DEBUG] [tML]: Hook IL.Terraria.Player::Update(int) modified by CalamityMod_0
[20:51:47] [13/DEBUG] [tML]: Hook IL.Terraria.Player::Update(int) modified by CalamityMod_0
[20:51:47] [13/DEBUG] [tML]: Hook IL.Terraria.Player::UpdateManaRegen() modified by CalamityMod_0
[20:51:47] [13/DEBUG] [tML]: Hook IL.Terraria.WorldGen::Pyramid(int, int) modified by CalamityMod_0
[20:51:47] [13/DEBUG] [tML]: Hook IL.Terraria.WorldGen::MakeDungeon(int, int) modified by CalamityMod_0
[20:51:48] [13/DEBUG] [tML]: Hook IL.Terraria.WorldGen::DungeonHalls(int, int, ushort, int, bool) modified by CalamityMod_0
[20:51:48] [13/DEBUG] [tML]: Hook IL.Terraria.WorldGen::GrowLivingTree(int, int) modified by CalamityMod_0
[20:51:48] [13/DEBUG] [tML]: Hook On.Terraria.WorldGen::SmashAltar(int, int) added by CalamityMod_0
[20:51:48] [13/DEBUG] [tML]: Hook IL.Terraria.WorldGen::hardUpdateWorld(int, int) modified by CalamityMod_0
[20:51:48] [13/DEBUG] [tML]: Hook IL.Terraria.WorldGen::Chlorophyte(int, int) modified by CalamityMod_0
[20:51:48] [13/DEBUG] [tML]: Hook IL.Terraria.Item::Prefix(int) modified by CalamityMod_0
[20:51:48] [13/DEBUG] [tML]: Hook On.Terraria.NPC::SlimeRainSpawns(int) added by CalamityMod_0
[20:51:48] [13/DEBUG] [tML]: Hook IL.Terraria.NPC::SpawnNPC() modified by CalamityMod_0
[20:51:48] [13/DEBUG] [tML]: Hook IL.Terraria.Main::UpdateTime() modified by CalamityMod_0
[20:51:48] [13/DEBUG] [tML]: Hook On.Terraria.Main::InitLifeBytes() added by CalamityMod_0
[20:51:48] [13/DEBUG] [tML]: Hook IL.Terraria.NPC::NPCLoot() modified by CalamityMod_0
[20:51:49] [13/INFO] [tML]: Initializing: CalamityModMusic (Calamity Mod Music) v1.5.1.1
[20:51:49] [13/INFO] [tML]: Initializing: CalValEX (Calamity's Vanities) v9.3
[20:51:50] [13/DEBUG] [tML]: Hook IL.Terraria.Wiring::HitWireSingle(int, int) modified by CalValEX_0
[20:51:51] [13/DEBUG] [tML]: Hook IL.Terraria.Wiring::HitWireSingle(int, int) modified by CalValEX_0
[20:51:51] [13/DEBUG] [tML]: Hook IL.Terraria.Wiring::HitWireSingle(int, int) modified by CalValEX_0
[20:51:51] [13/DEBUG] [tML]: Hook IL.Terraria.Wiring::HitWireSingle(int, int) modified by CalValEX_0
[20:51:51] [13/DEBUG] [tML]: Hook IL.Terraria.Wiring::HitWireSingle(int, int) modified by CalValEX_0
[20:51:51] [13/DEBUG] [tML]: Hook IL.Terraria.Wiring::HitWireSingle(int, int) modified by CalValEX_0
[20:51:51] [13/DEBUG] [tML]: Hook IL.Terraria.Wiring::HitWireSingle(int, int) modified by CalValEX_0
[20:51:51] [13/DEBUG] [tML]: Hook IL.Terraria.Wiring::HitWireSingle(int, int) modified by CalValEX_0
[20:51:52] [13/DEBUG] [tML]: Hook IL.Terraria.Wiring::HitWireSingle(int, int) modified by CalValEX_0
[20:51:52] [13/DEBUG] [tML]: Hook IL.Terraria.Wiring::HitWireSingle(int, int) modified by CalValEX_0
[20:51:52] [13/DEBUG] [tML]: Hook IL.Terraria.Wiring::HitWireSingle(int, int) modified by CalValEX_0
[20:51:52] [13/DEBUG] [tML]: Hook IL.Terraria.Wiring::HitWireSingle(int, int) modified by CalValEX_0
[20:51:52] [13/DEBUG] [tML]: Hook IL.Terraria.Wiring::HitWireSingle(int, int) modified by CalValEX_0
[20:51:52] [13/DEBUG] [tML]: Hook IL.Terraria.Wiring::HitWireSingle(int, int) modified by CalValEX_0
[20:51:53] [13/DEBUG] [tML]: Hook IL.Terraria.Wiring::HitWireSingle(int, int) modified by CalValEX_0
[20:51:53] [13/DEBUG] [tML]: Hook IL.Terraria.Wiring::HitWireSingle(int, int) modified by CalValEX_0
[20:51:53] [13/DEBUG] [tML]: Hook IL.Terraria.Wiring::HitWireSingle(int, int) modified by CalValEX_0
[20:51:53] [13/INFO] [tML]: Initializing: OmniSwing (OmniSwing) v3.0.1
[20:51:53] [13/INFO] [tML]: Initializing: RecipeBrowser (Recipe Browser) v0.8.9.1
[20:51:53] [13/DEBUG] [tML]: Hook On.Terraria.Recipe::FindRecipes() added by RecipeBrowser_0
[20:51:53] [13/DEBUG] [tML]: Hook On.Terraria.Player::AdjTiles() added by RecipeBrowser_0
[20:51:53] [13/INFO] [tML]: Setting up...
[20:51:54] [13/INFO] [tML]: Loading: ModLoader (tModLoader) v0.11.8.9
[20:51:54] [13/INFO] [tML]: Loading: BossChecklist (Boss Checklist) v1.1.6.1
[20:51:54] [13/INFO] [tML]: Loading: CalamityMod (Calamity Mod (No Calamity Music)) v1.5.1.6
[20:51:55] [13/INFO] [CalamityMod]: ModLoader version > 0.11.7.7 detected. Mechworm UUID workaround is disabled.
[20:51:56] [13/INFO] [tML]: Loading: CalamityModMusic (Calamity Mod Music) v1.5.1.1
[20:51:56] [13/DEBUG] [tML]: Hook IL.Terraria.Main::UpdateAudio() modified by CalamityModMusic_0
[20:51:56] [13/INFO] [tML]: Loading: CalValEX (Calamity's Vanities) v9.3
[20:51:56] [13/INFO] [tML]: Loading: OmniSwing (OmniSwing) v3.0.1
[20:51:56] [13/INFO] [tML]: Loading: RecipeBrowser (Recipe Browser) v0.8.9.1
[20:51:56] [13/INFO] [tML]: RAM usage: 2.2 GB
[20:51:57] [13/INFO] [tML]: Adding Recipes...
[20:51:57] [13/DEBUG] [tML]: Assembly Resolve:  -> RecipeBrowser_0, Version=1.0.0.0, Culture=neutral, PublicKeyToken=null
[20:51:57] [13/DEBUG] [tML]: Assembly Resolve:  -> RecipeBrowser_0, Version=1.0.0.0, Culture=neutral, PublicKeyToken=null
[20:53:28] [18/INFO] [Terraria]: Loading World: ONE PIECE IS REAL, IsCloud=False
[20:53:28] [18/INFO] [StatusText]: Resetting game objects
[20:53:29] [18/INFO] [StatusText]: Loading world data
[20:53:30] [18/INFO] [StatusText]: Settling liquids
[20:53:30] [18/INFO] [StatusText]: Loading map data
[20:53:30] [18/INFO] [StatusText]: Drawing map
[20:53:31] [1/INFO] [Terraria]: Entering world with player: Luffy, IsCloud=False
[20:54:11] [1/DEBUG] [tML]: Hook IL.Terraria.Main::UpdateAudio() modified by CalamityModMusic_0
[20:54:11] [26/INFO] [StatusText]: Saving map data
[20:54:11] [26/INFO] [StatusText]: Saving world data
[20:54:11] [26/INFO] [StatusText]: Validating world save
[20:54:25] [1/DEBUG] [Terraria]: Device Reset, Profile: HiDef, Width: 1280 -> 800, Height: 649 -> 480, Fullscreen: False, Display: \\.\DISPLAY1
[20:54:25] [1/DEBUG] [Terraria]: Device Reset, Profile: HiDef, Width: 800, Height: 480 -> 600, Fullscreen: False, Display: \\.\DISPLAY1
[20:54:26] [1/DEBUG] [Terraria]: Device Reset, Profile: HiDef, Width: 800 -> 1280, Height: 600 -> 649, Fullscreen: False, Display: \\.\DISPLAY1
[20:54:28] [1/DEBUG] [Terraria]: Device Reset, Profile: HiDef, Width: 1280 -> 800, Height: 649 -> 600, Fullscreen: False, Display: \\.\DISPLAY1
[20:55:02] [1/DEBUG] [Terraria]: Device Reset, Profile: HiDef, Width: 800, Height: 600, Fullscreen: False -> True, Display: \\.\DISPLAY1
[20:55:24] [1/DEBUG] [Terraria]: Device Reset, Profile: HiDef, Width: 800 -> 1280, Height: 600 -> 960, Fullscreen: True, Display: \\.\DISPLAY1
[20:55:30] [1/WARN] [tML]: Silently Caught Exception: 
System.IO.IOException: The process cannot access the file 'C:\Users\xbox\OneDrive\Documents\My Games\Terraria\ModLoader\config.json' because it is being used by another process.
   at System.IO.__Error.WinIOError(Int32 errorCode, String maybeFullPath)
   at System.IO.FileStream.Init(String path, FileMode mode, FileAccess access, Int32 rights, Boolean useRights, FileShare share, Int32 bufferSize, FileOptions options, SECURITY_ATTRIBUTES secAttrs, String msgPath, Boolean bFromProxy, Boolean useLongPath, Boolean checkHost)
   at System.IO.FileStream..ctor(String path, FileMode mode, FileAccess access, FileShare share, Int32 bufferSize, FileOptions options, String msgPath, Boolean bFromProxy, Boolean useLongPath, Boolean checkHost)
   at System.IO.StreamWriter.CreateFile(String path, Boolean append, Boolean checkHost)
   at System.IO.StreamWriter..ctor(String path, Boolean append, Encoding encoding, Int32 bufferSize, Boolean checkHost)
   at System.IO.File.InternalWriteAllText(String path, String contents, Encoding encoding, Boolean checkHost)
   at System.IO.File.WriteAllText(String path, String contents)
   at Terraria.IO.Preferences.Save(Boolean createFile)
   at Terraria.Main.SaveSettings()
   at Terraria.Main.DrawMenu(GameTime gameTime)
   at Terraria.Main.DoDraw(GameTime gameTime)
   at Terraria.Main.Draw(GameTime gameTime)
   at Microsoft.Xna.Framework.Game.DrawFrame()
   at Microsoft.Xna.Framework.Game.Tick()
   at Microsoft.Xna.Framework.Game.HostIdle(Object sender, EventArgs e)
   at Microsoft.Xna.Framework.GameHost.OnIdle()
   at Microsoft.Xna.Framework.WindowsGameHost.RunOneFrame()
   at Microsoft.Xna.Framework.WindowsGameHost.ApplicationIdle(Object sender, EventArgs e)
   at System.Windows.Forms.Application.ThreadContext.System.Windows.Forms.UnsafeNativeMethods.IMsoComponent.FDoIdle(Int32 grfidlef)
   at System.Windows.Forms.Application.ComponentManager.System.Windows.Forms.UnsafeNativeMethods.IMsoComponentManager.FPushMessageLoop(IntPtr dwComponentID, Int32 reason, Int32 pvLoopData)
   at System.Windows.Forms.Application.ThreadContext.RunMessageLoopInner(Int32 reason, ApplicationContext context)
   at System.Windows.Forms.Application.ThreadContext.RunMessageLoop(Int32 reason, ApplicationContext context)
   at System.Windows.Forms.Application.Run(Form mainForm)
   at Microsoft.Xna.Framework.WindowsGameHost.Run()
   at Microsoft.Xna.Framework.Game.RunGame(Boolean useBlockingRun)
   at Terraria.Program.LaunchGame_()
   at Terraria.Program.LaunchGame(String[] args, Boolean monoArgs)
   at Terraria.WindowsLaunch.Main(String[] args)

[20:55:43] [1/DEBUG] [Terraria]: Device Reset, Profile: HiDef, Width: 1280, Height: 960, Fullscreen: True -> False, Display: \\.\DISPLAY1
[20:55:46] [1/DEBUG] [Terraria]: Device Reset, Profile: HiDef, Width: 1280 -> 1920, Height: 960 -> 974, Fullscreen: False, Display: \\.\DISPLAY1
[20:56:07] [25/INFO] [Terraria]: Loading World: ONE PIECE IS REAL, IsCloud=False
[20:56:07] [25/INFO] [StatusText]: Resetting game objects
[20:56:07] [25/INFO] [StatusText]: Loading world data
[20:56:08] [25/INFO] [StatusText]: Settling liquids
[20:56:10] [25/INFO] [StatusText]: Loading map data
[20:56:10] [25/INFO] [StatusText]: Drawing map
[20:56:10] [1/INFO] [Terraria]: Entering world with player: Luffy, IsCloud=False
[20:56:24] [1/DEBUG] [Terraria]: Device Reset, Profile: HiDef, Width: 1920 -> 1680, Height: 974 -> 1050, Fullscreen: False -> True, Display: \\.\DISPLAY1
[20:56:25] [1/DEBUG] [Terraria]: Device Reset, Profile: HiDef, Width: 1680 -> 1920, Height: 1050 -> 1080, Fullscreen: True, Display: \\.\DISPLAY1
[20:56:26] [1/DEBUG] [Terraria]: Device Reset, Profile: HiDef, Width: 1920, Height: 1080, Fullscreen: True, Display: \\.\DISPLAY1
[21:02:51] [1/INFO] [Terraria]: Loaded 6000 vanilla assets
[21:05:31] [20/INFO] [StatusText]: Saving world data
[21:05:31] [20/INFO] [StatusText]: Validating world save
[21:15:12] [1/DEBUG] [tML]: Hook IL.Terraria.Main::UpdateAudio() modified by CalamityModMusic_0
[21:15:12] [17/INFO] [StatusText]: Saving map data
[21:15:12] [17/INFO] [StatusText]: Saving world data
[21:15:13] [17/INFO] [StatusText]: Validating world save
[21:15:14] [18/DEBUG] [tML]: Web Request: http://javid.ddns.net/tModLoader/listmods.php
[21:15:15] [27/DEBUG] [tML]: Web Request: https://www.dropbox.com/s/hwn6pjc8xenlxh4/listmods.php_tModLoader v0.11.8.9_wsn.txt?dl=1
[21:15:15] [27/DEBUG] [tML]: Web Request: https://www.dropbox.com/s/dl/hwn6pjc8xenlxh4/listmods.php_tModLoader v0.11.8.9_wsn.txt
[21:15:16] [27/DEBUG] [tML]: Web Request: https://uc9f4d54c3a8db59f8b364c9f17c.dl.dropboxusercontent.com/cd/0/get/BxyXpxZew7MawVCmmnXdpF2ixjXfVM3KnS89Kq9Zwo4L7W7Y7kOwn1IS_BeHzlsAAtvLJvpFhyo9CFTaL476EhRDLD_tBQV4BnvHdFubLVsPszhSWIxulObwK8lPOMBV6nm2NS_HSN3jpNt50yx0t7Z32skLb6yEVZxtqrYlHCM6VzZcu1PBoMYgwzx4XvpakHs/file?dl=1#
[21:15:17] [1/DEBUG] [tML]: Web Request: https://i.imgur.com/lkMyf14.png
[21:15:17] [1/DEBUG] [tML]: Web Request: https://i.imgur.com/wJ1Bz1f.png
[21:15:17] [1/DEBUG] [tML]: Web Request: https://i.imgur.com/zacGd7Z.png
[21:15:17] [1/DEBUG] [tML]: Web Request: https://i.imgur.com/TFtFJ1K.png
[21:15:20] [1/DEBUG] [tML]: Web Request: https://i.imgur.com/h9iAebB.png
[21:15:20] [1/DEBUG] [tML]: Web Request: https://i.imgur.com/8XgTsbY.png
[21:15:20] [1/DEBUG] [tML]: Web Request: https://i.imgur.com/Tm9nTGu.png
[21:15:20] [1/DEBUG] [tML]: Web Request: https://i.imgur.com/6Ialq3J.png
[21:15:20] [1/DEBUG] [tML]: Web Request: https://i.imgur.com/T1SB9vA.png
[21:15:20] [1/DEBUG] [tML]: Web Request: https://i.imgur.com/DXvBRWP.png
[21:15:23] [1/DEBUG] [tML]: Web Request: https://i.imgur.com/i5MYdMS.png
[21:15:26] [26/DEBUG] [tML]: Web Request: http://javid.ddns.net/tModLoader/moddescription.php
[21:15:26] [26/DEBUG] [tML]: Web Request: http://javid.ddns.net/tModLoader/moddescription.php
[21:15:40] [1/DEBUG] [tML]: Web Request: http://javid.ddns.net/tModLoader/download.php?Down=mods/MagicStorageExtra.tmod&tls12=y
[21:15:40] [1/DEBUG] [tML]: Web Request: http://javid.ddns.net/tModLoader/download.php?Down=mods/MagicStorageExtra.tmod&tls12=y
[21:15:41] [19/DEBUG] [tML]: Web Request: https://github.com/ExterminatorX99/MagicStorageExtra/releases/download/v0.5.5.10/MagicStorageExtra.tmod
[21:15:41] [19/DEBUG] [tML]: Web Request: https://objects.githubusercontent.com/github-production-release-asset-2e65be/305211445/aecc4aa4-ffd1-4c36-94d1-ce688b80814b?X-Amz-Algorithm=AWS4-HMAC-SHA256&X-Amz-Credential=AKIAIWNJYAX4CSVEH53A%2F20221130%2Fus-east-1%2Fs3%2Faws4_request&X-Amz-Date=20221130T211541Z&X-Amz-Expires=300&X-Amz-Signature=7c932f9ffdb0170603d6de374745fbdf60ebe093289568bde67195f4fde07fff&X-Amz-SignedHeaders=host&actor_id=0&key_id=0&repo_id=305211445&response-content-disposition=attachment%3B filename%3DMagicStorageExtra.tmod&response-content-type=application%2Foctet-stream
[21:15:42] [24/INFO] [tML]: Enabling Mod: MagicStorageExtra
[21:15:44] [11/INFO] [tML]: Unloading mods
[21:15:44] [11/INFO] [tML]: Unloading: RecipeBrowser (Recipe Browser) v0.8.9.1
[21:15:44] [11/WARN] [tML]: Silently Caught Exception: 
System.Threading.Tasks.TaskCanceledException: A task was canceled.
   at System.Runtime.CompilerServices.TaskAwaiter.ThrowForNonSuccess(Task task)
   at System.Runtime.CompilerServices.TaskAwaiter.HandleNonSuccessAndDebuggerNotification(Task task)
   at System.Runtime.CompilerServices.TaskAwaiter.GetResult()
   at RecipeBrowser.RecipeBrowser.<ConcurrentTaskHandler>d__16.MoveNext() in RecipeBrowser.cs:line 194
   at System.Runtime.CompilerServices.AsyncMethodBuilderCore.MoveNextRunner.InvokeMoveNext(Object stateMachine)
   at System.Threading.ExecutionContext.RunInternal(ExecutionContext executionContext, ContextCallback callback, Object state, Boolean preserveSyncCtx)
   at System.Threading.ExecutionContext.Run(ExecutionContext executionContext, ContextCallback callback, Object state, Boolean preserveSyncCtx)
   at System.Runtime.CompilerServices.AsyncMethodBuilderCore.MoveNextRunner.Run()
   at System.Threading.Tasks.AwaitTaskContinuation.RunOrScheduleAction(Action action, Boolean allowInlining, Task& currentTask)
   at System.Threading.Tasks.Task.FinishContinuations()
   at System.Threading.Tasks.Task.FinishStageThree()
   at System.Threading.Tasks.Task.CancellationCleanupLogic()
   at System.Threading.Tasks.Task`1.TrySetCanceled(CancellationToken tokenToRecord, Object cancellationException)
   at System.Threading.Tasks.Task.DelayPromise.Complete()
   at System.Threading.Tasks.Task.<>c.<Delay>b__274_0(Object state)
   at System.Threading.CancellationCallbackInfo.ExecutionContextCallback(Object obj)
   at System.Threading.CancellationCallbackInfo.ExecuteCallback()
   at System.Threading.CancellationTokenSource.CancellationCallbackCoreWork(CancellationCallbackCoreWorkArguments args)
   at System.Threading.CancellationTokenSource.ExecuteCallbackHandlers(Boolean throwOnFirstException)
   at System.Threading.CancellationTokenSource.NotifyCancellation(Boolean throwOnFirstException)
   at System.Threading.CancellationTokenSource.Cancel()
   at RecipeBrowser.RecipeBrowser.Unload() in RecipeBrowser.cs:line 130
   at Terraria.ModLoader.Mod.UnloadContent()
   at Terraria.ModLoader.ModContent.UnloadModContent()
   at Terraria.ModLoader.ModLoader.do_Unload()
   at Terraria.ModLoader.ModLoader.Unload()
   at Terraria.ModLoader.ModLoader.Load(CancellationToken token)
   at Terraria.ModLoader.ModLoader.<>c__DisplayClass42_0.<BeginLoad>b__0()
   at System.Threading.Tasks.Task.InnerInvoke()
   at System.Threading.Tasks.Task.Execute()
   at System.Threading.Tasks.Task.ExecutionContextCallback(Object obj)
   at System.Threading.ExecutionContext.RunInternal(ExecutionContext executionContext, ContextCallback callback, Object state, Boolean preserveSyncCtx)
   at System.Threading.ExecutionContext.Run(ExecutionContext executionContext, ContextCallback callback, Object state, Boolean preserveSyncCtx)
   at System.Threading.Tasks.Task.ExecuteWithThreadLocal(Task& currentTaskSlot)
   at System.Threading.Tasks.Task.ExecuteEntry(Boolean bPreventDoubleExecution)
   at System.Threading.Tasks.Task.System.Threading.IThreadPoolWorkItem.ExecuteWorkItem()
   at System.Threading.ThreadPoolWorkQueue.Dispatch()
   at System.Threading._ThreadPoolWaitCallback.PerformWaitCallback()

[21:15:44] [11/DEBUG] [tML]: Unloaded 2 hooks, 2 detours and 2 native detours from RecipeBrowser
[21:15:44] [11/INFO] [tML]: Unloading: OmniSwing (OmniSwing) v3.0.1
[21:15:44] [11/INFO] [tML]: Unloading: CalValEX (Calamity's Vanities) v9.3
[21:15:47] [11/DEBUG] [tML]: Unloaded 0 hooks, 17 detours and 17 native detours from CalValEX
[21:15:47] [11/INFO] [tML]: Unloading: CalamityModMusic (Calamity Mod Music) v1.5.1.1
[21:15:47] [11/DEBUG] [tML]: Hook IL.Terraria.Main::UpdateAudio() unmodified by CalamityModMusic_0
[21:15:48] [11/DEBUG] [tML]: Unloaded 0 hooks, 2 detours and 2 native detours from CalamityModMusic
[21:15:48] [11/INFO] [tML]: Unloading: CalamityMod (Calamity Mod (No Calamity Music)) v1.5.1.6
[21:15:48] [11/DEBUG] [tML]: Hook On.Terraria.NPC::ApplyTileCollision(bool, Vector2, int, int) removed by CalamityMod_0
[21:15:48] [11/DEBUG] [tML]: Hook IL.Terraria.Main::UpdateTime() unmodified by CalamityMod_0
[21:15:48] [11/DEBUG] [tML]: Hook On.Terraria.Main::UpdateTime_SpawnTownNPCs() removed by CalamityMod_0
[21:15:48] [11/DEBUG] [tML]: Hook IL.Terraria.Player::Hurt(PlayerDeathReason, int, int, bool, bool, bool, int) unmodified by CalamityMod_0
[21:15:48] [11/DEBUG] [tML]: Hook IL.Terraria.Player::DashMovement() unmodified by CalamityMod_0
[21:15:48] [11/DEBUG] [tML]: Hook IL.Terraria.Player::Update_NPCCollision() unmodified by CalamityMod_0
[21:15:48] [11/DEBUG] [tML]: Hook On.Terraria.WorldGen::OpenDoor(int, int, int) removed by CalamityMod_0
[21:15:48] [11/DEBUG] [tML]: Hook On.Terraria.WorldGen::CloseDoor(int, int, bool) removed by CalamityMod_0
[21:15:48] [11/DEBUG] [tML]: Hook On.Terraria.Wiring::Teleport() removed by CalamityMod_0
[21:15:48] [11/DEBUG] [tML]: Hook IL.Terraria.Main::DrawInterface_40_InteractItemIcon() unmodified by CalamityMod_0
[21:15:48] [11/DEBUG] [tML]: Hook On.Terraria.Item::AffixName() removed by CalamityMod_0
[21:15:48] [11/DEBUG] [tML]: Hook On.Terraria.Projectile::NewProjectile(float, float, float, float, int, int, float, int, float, float) removed by CalamityMod_0
[21:15:48] [11/DEBUG] [tML]: Hook On.Terraria.Main::DrawCursor(Vector2, bool) removed by CalamityMod_0
[21:15:48] [11/DEBUG] [tML]: Hook IL.Terraria.Player::QuickHeal() unmodified by CalamityMod_0
[21:15:48] [11/DEBUG] [tML]: Hook IL.Terraria.Player::QuickMana() unmodified by CalamityMod_0
[21:15:48] [11/DEBUG] [tML]: Hook IL.Terraria.Player::ItemCheck(int) unmodified by CalamityMod_0
[21:15:48] [11/DEBUG] [tML]: Hook IL.Terraria.Player::AddBuff(int, int, bool) unmodified by CalamityMod_0
[21:15:48] [11/DEBUG] [tML]: Hook On.Terraria.Main::DrawInterface(GameTime) removed by CalamityMod_0
[21:15:48] [11/DEBUG] [tML]: Hook On.Terraria.Main::SortDrawCacheWorms() removed by CalamityMod_0
[21:15:48] [11/DEBUG] [tML]: Hook On.Terraria.Main::SetDisplayMode(int, int, bool) removed by CalamityMod_0
[21:15:48] [11/DEBUG] [tML]: Hook IL.Terraria.Main::DrawTiles(bool, int) unmodified by CalamityMod_0
[21:15:48] [11/DEBUG] [tML]: Hook IL.Terraria.GameContent.Liquid.LiquidRenderer::InternalDraw(SpriteBatch, Vector2, int, float, bool) unmodified by CalamityMod_0
[21:15:48] [11/DEBUG] [tML]: Hook IL.Terraria.Main::oldDrawWater(bool, int, float) unmodified by CalamityMod_0
[21:15:48] [11/DEBUG] [tML]: Hook IL.Terraria.WaterfallManager::DrawWaterfall(SpriteBatch, int, float) unmodified by CalamityMod_0
[21:15:48] [11/DEBUG] [tML]: Hook On.Terraria.NPC::Collision_DecideFallThroughPlatforms() removed by CalamityMod_0
[21:15:48] [11/DEBUG] [tML]: Hook IL.Terraria.Wiring::HitWireSingle(int, int) unmodified by CalamityMod_0
[21:15:48] [11/DEBUG] [tML]: Hook IL.Terraria.Main::DamageVar(float) unmodified by CalamityMod_0
[21:15:48] [11/DEBUG] [tML]: Hook IL.Terraria.NPC::scaleStats() unmodified by CalamityMod_0
[21:15:48] [11/DEBUG] [tML]: Hook IL.Terraria.Projectile::AI_001() unmodified by CalamityMod_0
[21:15:48] [11/DEBUG] [tML]: Hook IL.Terraria.Player::UpdateJumpHeight() unmodified by CalamityMod_0
[21:15:48] [11/DEBUG] [tML]: Hook IL.Terraria.Player::Update(int) unmodified by CalamityMod_0
[21:15:48] [11/DEBUG] [tML]: Hook IL.Terraria.Player::Update(int) unmodified by CalamityMod_0
[21:15:49] [11/DEBUG] [tML]: Hook IL.Terraria.Player::Update(int) unmodified by CalamityMod_0
[21:15:49] [11/DEBUG] [tML]: Hook IL.Terraria.Player::Update(int) unmodified by CalamityMod_0
[21:15:50] [11/DEBUG] [tML]: Hook IL.Terraria.Player::Update(int) unmodified by CalamityMod_0
[21:15:50] [11/DEBUG] [tML]: Hook IL.Terraria.Player::UpdateManaRegen() unmodified by CalamityMod_0
[21:15:50] [11/DEBUG] [tML]: Hook IL.Terraria.WorldGen::Pyramid(int, int) unmodified by CalamityMod_0
[21:15:50] [11/DEBUG] [tML]: Hook IL.Terraria.WorldGen::MakeDungeon(int, int) unmodified by CalamityMod_0
[21:15:50] [11/DEBUG] [tML]: Hook IL.Terraria.WorldGen::DungeonHalls(int, int, ushort, int, bool) unmodified by CalamityMod_0
[21:15:50] [11/DEBUG] [tML]: Hook IL.Terraria.WorldGen::GrowLivingTree(int, int) unmodified by CalamityMod_0
[21:15:50] [11/DEBUG] [tML]: Hook On.Terraria.WorldGen::SmashAltar(int, int) removed by CalamityMod_0
[21:15:50] [11/DEBUG] [tML]: Hook IL.Terraria.WorldGen::hardUpdateWorld(int, int) unmodified by CalamityMod_0
[21:15:50] [11/DEBUG] [tML]: Hook IL.Terraria.WorldGen::Chlorophyte(int, int) unmodified by CalamityMod_0
[21:15:50] [11/DEBUG] [tML]: Hook IL.Terraria.Item::Prefix(int) unmodified by CalamityMod_0
[21:15:50] [11/DEBUG] [tML]: Hook On.Terraria.NPC::SlimeRainSpawns(int) removed by CalamityMod_0
[21:15:50] [11/DEBUG] [tML]: Hook IL.Terraria.NPC::SpawnNPC() unmodified by CalamityMod_0
[21:15:50] [11/DEBUG] [tML]: Hook IL.Terraria.Main::UpdateTime() unmodified by CalamityMod_0
[21:15:50] [11/DEBUG] [tML]: Hook On.Terraria.Main::InitLifeBytes() removed by CalamityMod_0
[21:15:50] [11/DEBUG] [tML]: Hook IL.Terraria.NPC::NPCLoot() unmodified by CalamityMod_0
[21:15:50] [11/INFO] [tML]: Unloading: BossChecklist (Boss Checklist) v1.1.6.1
[21:15:50] [11/DEBUG] [tML]: Unloaded 1 hooks, 1 detours and 1 native detours from BossChecklist
[21:15:50] [11/INFO] [tML]: Unloading: ModLoader (tModLoader) v0.11.8.9
[21:15:51] [11/WARN] [tML]: BossChecklist not fully unloaded during unload.
[21:15:51] [11/WARN] [tML]: CalamityMod not fully unloaded during unload.
[21:15:51] [11/WARN] [tML]: CalamityModMusic not fully unloaded during unload.
[21:15:51] [11/WARN] [tML]: CalValEX not fully unloaded during unload.
[21:15:51] [11/WARN] [tML]: OmniSwing not fully unloaded during unload.
[21:15:51] [11/INFO] [tML]: Finding Mods...
[21:15:51] [11/INFO] [tML]: Sandboxing: BossChecklist
[21:15:51] [11/INFO] [tML]: Sandboxing: CalamityMod
[21:15:51] [11/INFO] [tML]: Sandboxing: CalamityModMusic
[21:15:51] [11/INFO] [tML]: Sandboxing: CalValEX
[21:15:51] [11/INFO] [tML]: Sandboxing: MagicStorageExtra
[21:15:51] [11/INFO] [tML]: Sandboxing: OmniSwing
[21:15:51] [11/INFO] [tML]: Sandboxing: RecipeBrowser
[21:15:51] [11/INFO] [tML]: Instantiating Mods...
[21:15:53] [11/INFO] [tML]: Initializing: ModLoader (tModLoader) v0.11.8.9
[21:15:54] [11/INFO] [tML]: Initializing: BossChecklist (Boss Checklist) v1.1.6.1
[21:15:54] [11/DEBUG] [tML]: Hook On.Terraria.GameContent.Events.DD2Event::WinInvasionInternal() added by BossChecklist_0
[21:15:54] [11/INFO] [BossChecklist]: Boss Log integration messages will not be logged.
[21:15:54] [11/INFO] [tML]: Initializing: CalamityMod (Calamity Mod (No Calamity Music)) v1.5.1.6
[21:16:03] [11/DEBUG] [tML]: Hook On.Terraria.NPC::ApplyTileCollision(bool, Vector2, int, int) added by CalamityMod_0
[21:16:03] [11/DEBUG] [tML]: Hook IL.Terraria.Main::UpdateTime() modified by CalamityMod_0
[21:16:03] [11/DEBUG] [tML]: Hook On.Terraria.Main::UpdateTime_SpawnTownNPCs() added by CalamityMod_0
[21:16:03] [11/DEBUG] [tML]: Hook IL.Terraria.Player::Hurt(PlayerDeathReason, int, int, bool, bool, bool, int) modified by CalamityMod_0
[21:16:03] [11/DEBUG] [tML]: Hook IL.Terraria.Player::DashMovement() modified by CalamityMod_0
[21:16:04] [11/DEBUG] [tML]: Hook IL.Terraria.Player::Update_NPCCollision() modified by CalamityMod_0
[21:16:04] [11/DEBUG] [tML]: Hook On.Terraria.WorldGen::OpenDoor(int, int, int) added by CalamityMod_0
[21:16:04] [11/DEBUG] [tML]: Hook On.Terraria.WorldGen::CloseDoor(int, int, bool) added by CalamityMod_0
[21:16:04] [11/DEBUG] [tML]: Hook On.Terraria.Wiring::Teleport() added by CalamityMod_0
[21:16:04] [11/DEBUG] [tML]: Hook IL.Terraria.Main::DrawInterface_40_InteractItemIcon() modified by CalamityMod_0
[21:16:04] [11/DEBUG] [tML]: Hook On.Terraria.Item::AffixName() added by CalamityMod_0
[21:16:04] [11/DEBUG] [tML]: Hook On.Terraria.Projectile::NewProjectile(float, float, float, float, int, int, float, int, float, float) added by CalamityMod_0
[21:16:04] [11/DEBUG] [tML]: Hook On.Terraria.Main::DrawCursor(Vector2, bool) added by CalamityMod_0
[21:16:04] [11/DEBUG] [tML]: Hook IL.Terraria.Player::QuickHeal() modified by CalamityMod_0
[21:16:04] [11/DEBUG] [tML]: Hook IL.Terraria.Player::QuickMana() modified by CalamityMod_0
[21:16:04] [11/DEBUG] [tML]: Hook IL.Terraria.Player::ItemCheck(int) modified by CalamityMod_0
[21:16:05] [11/DEBUG] [tML]: Hook IL.Terraria.Player::AddBuff(int, int, bool) modified by CalamityMod_0
[21:16:05] [11/DEBUG] [tML]: Hook On.Terraria.Main::DrawInterface(GameTime) added by CalamityMod_0
[21:16:05] [11/DEBUG] [tML]: Hook On.Terraria.Main::SortDrawCacheWorms() added by CalamityMod_0
[21:16:05] [11/DEBUG] [tML]: Hook On.Terraria.Main::SetDisplayMode(int, int, bool) added by CalamityMod_0
[21:16:05] [11/DEBUG] [tML]: Hook IL.Terraria.Main::DrawTiles(bool, int) modified by CalamityMod_0
[21:16:07] [11/DEBUG] [tML]: Hook IL.Terraria.GameContent.Liquid.LiquidRenderer::InternalDraw(SpriteBatch, Vector2, int, float, bool) modified by CalamityMod_0
[21:16:07] [11/DEBUG] [tML]: Hook IL.Terraria.Main::oldDrawWater(bool, int, float) modified by CalamityMod_0
[21:16:07] [11/DEBUG] [tML]: Hook IL.Terraria.WaterfallManager::DrawWaterfall(SpriteBatch, int, float) modified by CalamityMod_0
[21:16:07] [11/DEBUG] [tML]: Hook On.Terraria.NPC::Collision_DecideFallThroughPlatforms() added by CalamityMod_0
[21:16:07] [11/DEBUG] [tML]: Hook IL.Terraria.Wiring::HitWireSingle(int, int) modified by CalamityMod_0
[21:16:07] [11/DEBUG] [tML]: Hook IL.Terraria.Main::DamageVar(float) modified by CalamityMod_0
[21:16:07] [11/DEBUG] [tML]: Hook IL.Terraria.NPC::scaleStats() modified by CalamityMod_0
[21:16:07] [11/DEBUG] [tML]: Hook IL.Terraria.Projectile::AI_001() modified by CalamityMod_0
[21:16:08] [11/DEBUG] [tML]: Hook IL.Terraria.Player::UpdateJumpHeight() modified by CalamityMod_0
[21:16:08] [11/DEBUG] [tML]: Hook IL.Terraria.Player::Update(int) modified by CalamityMod_0
[21:16:09] [11/DEBUG] [tML]: Hook IL.Terraria.Player::Update(int) modified by CalamityMod_0
[21:16:09] [11/DEBUG] [tML]: Hook IL.Terraria.Player::Update(int) modified by CalamityMod_0
[21:16:10] [11/DEBUG] [tML]: Hook IL.Terraria.Player::Update(int) modified by CalamityMod_0
[21:16:11] [11/DEBUG] [tML]: Hook IL.Terraria.Player::Update(int) modified by CalamityMod_0
[21:16:11] [11/DEBUG] [tML]: Hook IL.Terraria.Player::UpdateManaRegen() modified by CalamityMod_0
[21:16:11] [11/DEBUG] [tML]: Hook IL.Terraria.WorldGen::Pyramid(int, int) modified by CalamityMod_0
[21:16:11] [11/DEBUG] [tML]: Hook IL.Terraria.WorldGen::MakeDungeon(int, int) modified by CalamityMod_0
[21:16:11] [11/DEBUG] [tML]: Hook IL.Terraria.WorldGen::DungeonHalls(int, int, ushort, int, bool) modified by CalamityMod_0
[21:16:11] [11/DEBUG] [tML]: Hook IL.Terraria.WorldGen::GrowLivingTree(int, int) modified by CalamityMod_0
[21:16:11] [11/DEBUG] [tML]: Hook On.Terraria.WorldGen::SmashAltar(int, int) added by CalamityMod_0
[21:16:11] [11/DEBUG] [tML]: Hook IL.Terraria.WorldGen::hardUpdateWorld(int, int) modified by CalamityMod_0
[21:16:12] [11/DEBUG] [tML]: Hook IL.Terraria.WorldGen::Chlorophyte(int, int) modified by CalamityMod_0
[21:16:12] [11/DEBUG] [tML]: Hook IL.Terraria.Item::Prefix(int) modified by CalamityMod_0
[21:16:12] [11/DEBUG] [tML]: Hook On.Terraria.NPC::SlimeRainSpawns(int) added by CalamityMod_0
[21:16:12] [11/DEBUG] [tML]: Hook IL.Terraria.NPC::SpawnNPC() modified by CalamityMod_0
[21:16:12] [11/DEBUG] [tML]: Hook IL.Terraria.Main::UpdateTime() modified by CalamityMod_0
[21:16:12] [11/DEBUG] [tML]: Hook On.Terraria.Main::InitLifeBytes() added by CalamityMod_0
[21:16:12] [11/DEBUG] [tML]: Hook IL.Terraria.NPC::NPCLoot() modified by CalamityMod_0
[21:16:13] [11/INFO] [tML]: Initializing: CalamityModMusic (Calamity Mod Music) v1.5.1.1
[21:16:14] [11/INFO] [tML]: Initializing: CalValEX (Calamity's Vanities) v9.3
[21:16:15] [11/DEBUG] [tML]: Hook IL.Terraria.Wiring::HitWireSingle(int, int) modified by CalValEX_0
[21:16:15] [11/DEBUG] [tML]: Hook IL.Terraria.Wiring::HitWireSingle(int, int) modified by CalValEX_0
[21:16:15] [11/DEBUG] [tML]: Hook IL.Terraria.Wiring::HitWireSingle(int, int) modified by CalValEX_0
[21:16:15] [11/DEBUG] [tML]: Hook IL.Terraria.Wiring::HitWireSingle(int, int) modified by CalValEX_0
[21:16:15] [11/DEBUG] [tML]: Hook IL.Terraria.Wiring::HitWireSingle(int, int) modified by CalValEX_0
[21:16:16] [11/DEBUG] [tML]: Hook IL.Terraria.Wiring::HitWireSingle(int, int) modified by CalValEX_0
[21:16:16] [11/DEBUG] [tML]: Hook IL.Terraria.Wiring::HitWireSingle(int, int) modified by CalValEX_0
[21:16:16] [11/DEBUG] [tML]: Hook IL.Terraria.Wiring::HitWireSingle(int, int) modified by CalValEX_0
[21:16:16] [11/DEBUG] [tML]: Hook IL.Terraria.Wiring::HitWireSingle(int, int) modified by CalValEX_0
[21:16:16] [11/DEBUG] [tML]: Hook IL.Terraria.Wiring::HitWireSingle(int, int) modified by CalValEX_0
[21:16:17] [11/DEBUG] [tML]: Hook IL.Terraria.Wiring::HitWireSingle(int, int) modified by CalValEX_0
[21:16:17] [11/DEBUG] [tML]: Hook IL.Terraria.Wiring::HitWireSingle(int, int) modified by CalValEX_0
[21:16:17] [11/DEBUG] [tML]: Hook IL.Terraria.Wiring::HitWireSingle(int, int) modified by CalValEX_0
[21:16:17] [11/DEBUG] [tML]: Hook IL.Terraria.Wiring::HitWireSingle(int, int) modified by CalValEX_0
[21:16:17] [11/DEBUG] [tML]: Hook IL.Terraria.Wiring::HitWireSingle(int, int) modified by CalValEX_0
[21:16:18] [11/DEBUG] [tML]: Hook IL.Terraria.Wiring::HitWireSingle(int, int) modified by CalValEX_0
[21:16:18] [11/DEBUG] [tML]: Hook IL.Terraria.Wiring::HitWireSingle(int, int) modified by CalValEX_0
[21:16:18] [11/INFO] [tML]: Initializing: MagicStorageExtra (Magic Storage - Extra) v0.5.5.10
[21:16:18] [11/DEBUG] [tML]: Hook On.Terraria.NetMessage::SendData(int, int, int, NetworkText, int, float, float, float, int, int, int) added by MagicStorageExtra_0
[21:16:18] [1/WARN] [tML]: Silently Caught Exception: 
System.Collections.Generic.KeyNotFoundException: The given key was not present in the dictionary.
   at System.Collections.Generic.Dictionary`2.get_Item(TKey key)
   at Terraria.ModLoader.ModHotKey.GetAssignedKeys(InputMode mode)
   at MagicStorageExtra.CraftingGUI.Update(GameTime gameTime) in MagicStorageExtra\CraftingGUI.cs:line 414
   at MagicStorageExtra.MagicStorageExtra.PostUpdateInput() in MagicStorageExtra.cs:line 97
   at Terraria.ModLoader.ModHooks.PostUpdateInput()
   at Terraria.Main.DoUpdate_HandleInput()
   at Terraria.Main.DoUpdate(GameTime gameTime)
   at Terraria.Main.Update(GameTime gameTime)
   at Microsoft.Xna.Framework.Game.Tick()
   at Microsoft.Xna.Framework.Game.HostIdle(Object sender, EventArgs e)
   at Microsoft.Xna.Framework.GameHost.OnIdle()
   at Microsoft.Xna.Framework.WindowsGameHost.RunOneFrame()
   at Microsoft.Xna.Framework.WindowsGameHost.ApplicationIdle(Object sender, EventArgs e)
   at System.Windows.Forms.Application.ThreadContext.System.Windows.Forms.UnsafeNativeMethods.IMsoComponent.FDoIdle(Int32 grfidlef)
   at System.Windows.Forms.Application.ComponentManager.System.Windows.Forms.UnsafeNativeMethods.IMsoComponentManager.FPushMessageLoop(IntPtr dwComponentID, Int32 reason, Int32 pvLoopData)
   at System.Windows.Forms.Application.ThreadContext.RunMessageLoopInner(Int32 reason, ApplicationContext context)
   at System.Windows.Forms.Application.ThreadContext.RunMessageLoop(Int32 reason, ApplicationContext context)
   at System.Windows.Forms.Application.Run(Form mainForm)
   at Microsoft.Xna.Framework.WindowsGameHost.Run()
   at Microsoft.Xna.Framework.Game.RunGame(Boolean useBlockingRun)
   at Terraria.Program.LaunchGame_()
   at Terraria.Program.LaunchGame(String[] args, Boolean monoArgs)
   at Terraria.WindowsLaunch.Main(String[] args)

[21:16:19] [11/DEBUG] [tML]: Hook On.Terraria.MessageBuffer::GetData(int, int, out int) added by MagicStorageExtra_0
[21:16:19] [11/INFO] [tML]: Initializing: OmniSwing (OmniSwing) v3.0.1
[21:16:19] [11/INFO] [tML]: Initializing: RecipeBrowser (Recipe Browser) v0.8.9.1
[21:16:19] [11/DEBUG] [tML]: Hook On.Terraria.Recipe::FindRecipes() added by RecipeBrowser_0
[21:16:19] [11/DEBUG] [tML]: Hook On.Terraria.Player::AdjTiles() added by RecipeBrowser_0
[21:16:20] [11/INFO] [tML]: Setting up...
[21:16:20] [11/INFO] [tML]: Loading: ModLoader (tModLoader) v0.11.8.9
[21:16:20] [11/INFO] [tML]: Loading: BossChecklist (Boss Checklist) v1.1.6.1
[21:16:20] [11/INFO] [tML]: Loading: CalamityMod (Calamity Mod (No Calamity Music)) v1.5.1.6
[21:16:20] [11/INFO] [CalamityMod]: ModLoader version > 0.11.7.7 detected. Mechworm UUID workaround is disabled.
[21:16:21] [11/INFO] [tML]: Loading: CalamityModMusic (Calamity Mod Music) v1.5.1.1
[21:16:21] [11/DEBUG] [tML]: Hook IL.Terraria.Main::UpdateAudio() modified by CalamityModMusic_0
[21:16:21] [11/INFO] [tML]: Loading: CalValEX (Calamity's Vanities) v9.3
[21:16:21] [11/INFO] [tML]: Loading: MagicStorageExtra (Magic Storage - Extra) v0.5.5.10
[21:16:22] [11/INFO] [tML]: Loading: OmniSwing (OmniSwing) v3.0.1
[21:16:22] [11/INFO] [tML]: Loading: RecipeBrowser (Recipe Browser) v0.8.9.1
[21:16:22] [11/INFO] [tML]: RAM usage: 2.2 GB
[21:16:22] [11/INFO] [tML]: Adding Recipes...
[21:16:23] [11/INFO] [tML]: Recipe Browser: Rebuilding Loot Cache (Hold shift to skip if stuck)
[21:16:23] [11/INFO] [tML]: Adding Recipes
[21:16:39] [28/INFO] [Terraria]: Loading World: ONE PIECE IS REAL, IsCloud=False
[21:16:39] [28/INFO] [StatusText]: Resetting game objects
[21:16:39] [28/INFO] [StatusText]: Loading world data
[21:16:39] [28/INFO] [StatusText]: Settling liquids
[21:16:40] [28/INFO] [StatusText]: Loading map data
[21:16:41] [28/INFO] [StatusText]: Drawing map
[21:16:41] [1/INFO] [Terraria]: Entering world with player: Luffy, IsCloud=False
[21:17:01] [26/INFO] [StatusText]: Saving world data
[21:17:01] [26/INFO] [StatusText]: Validating world save
[21:27:01] [16/INFO] [StatusText]: Saving world data
[21:27:01] [16/INFO] [StatusText]: Validating world save
[21:37:01] [29/INFO] [StatusText]: Saving world data
[21:37:01] [29/INFO] [StatusText]: Validating world save
[21:42:16] [1/INFO] [Terraria]: Loaded 7000 vanilla assets
[21:42:21] [1/INFO] [Terraria]: Loaded 8000 vanilla assets
[21:47:01] [28/INFO] [StatusText]: Saving world data
[21:47:01] [28/INFO] [StatusText]: Validating world save
[21:56:07] [1/DEBUG] [tML]: Hook IL.Terraria.Main::UpdateAudio() modified by CalamityModMusic_0
[21:56:07] [16/INFO] [StatusText]: Saving map data
[21:56:07] [16/INFO] [StatusText]: Saving world data
[21:56:08] [16/INFO] [StatusText]: Validating world save
